<?xml version="1.0" encoding="UTF-8"?>
<!-- Generated by org.testng.reporters.JUnitReportReporter -->
<testsuite hostname="Atul_Singh" failures="0" tests="6" name="Test.DashboardTest" time="94.732" errors="0" timestamp="2025-03-01T18:53:07 IST" skipped="0">
  <testcase classname="Test.DashboardTest" name="verifyDashboardTitle" time="0.027"/>
  <system-out/>
  <testcase classname="Test.DashboardTest" name="navigateToFlightBookingSection" time="1.256"/>
  <system-out/>
  <testcase classname="Test.DashboardTest" name="testSearchFlight" time="74.589"/>
  <system-out/>
  <testcase classname="Test.DashboardTest" name="testFilterAndVerifySearchResults" time="0.161"/>
  <system-out/>
  <testcase classname="Test.DashboardTest" name="testChooseAndSelectFlight" time="8.825"/>
  <system-out/>
  <testcase classname="Test.DashboardTest" name="testEnterBookingDetails" time="9.874"/>
  <system-out/>
</testsuite> <!-- Test.DashboardTest -->
