<?xml version="1.0" encoding="UTF-8"?>
<!-- Generated by org.testng.reporters.JUnitReportReporter -->
<testsuite hostname="Atul_Singh" failures="0" tests="6" name="Test.DashboardTest" time="86.576" errors="0" timestamp="2025-02-28T23:54:38 IST" skipped="0">
  <testcase classname="Test.DashboardTest" name="verifyDashboardTitle" time="0.029"/>
  <system-out/>
  <testcase classname="Test.DashboardTest" name="navigateToFlightBookingSection" time="1.244"/>
  <system-out/>
  <testcase classname="Test.DashboardTest" name="testSearchFlight" time="77.862"/>
  <system-out/>
  <testcase classname="Test.DashboardTest" name="testFilterAndVerifySearchResults" time="0.220"/>
  <system-out/>
  <testcase classname="Test.DashboardTest" name="testChooseAndSelectFlight" time="3.465"/>
  <system-out/>
  <testcase classname="Test.DashboardTest" name="testEnterBookingDetails" time="3.756"/>
  <system-out/>
</testsuite> <!-- Test.DashboardTest -->
